Using pre-set license
Built from '2021.3/staging' branch; Version is '2021.3.2f1 (d6360bedb9a0) revision 14038539'; Using compiler version '192829333'; Build Type 'Release'
OS: 'Windows 10  (10.0.19042) 64bit Professional' Language: 'en' Physical Memory: 16337 MB
BatchMode: 1, IsHumanControllingUs: 0, StartBugReporterOnCrash: 0, Is64bit: 1, IsPro: 1

COMMAND LINE ARGUMENTS:
C:\Program Files\Unity\2021.3.2f1\Editor\Unity.exe
-adb2
-batchMode
-noUpm
-name
AssetImportWorker4
-projectPath
D:/Unity/CopyCat/popeye-NES-main/popeye-NES-main
-logFile
Logs/AssetImportWorker4.log
-srvPort
62815
Successfully changed project path to: D:/Unity/CopyCat/popeye-NES-main/popeye-NES-main
D:/Unity/CopyCat/popeye-NES-main/popeye-NES-main
[UnityMemory] Configuration Parameters - Can be set up in boot.config
    "memorysetup-bucket-allocator-granularity=16"
    "memorysetup-bucket-allocator-bucket-count=8"
    "memorysetup-bucket-allocator-block-size=33554432"
    "memorysetup-bucket-allocator-block-count=8"
    "memorysetup-main-allocator-block-size=16777216"
    "memorysetup-thread-allocator-block-size=16777216"
    "memorysetup-gfx-main-allocator-block-size=16777216"
    "memorysetup-gfx-thread-allocator-block-size=16777216"
    "memorysetup-cache-allocator-block-size=4194304"
    "memorysetup-typetree-allocator-block-size=2097152"
    "memorysetup-profiler-bucket-allocator-granularity=16"
    "memorysetup-profiler-bucket-allocator-bucket-count=8"
    "memorysetup-profiler-bucket-allocator-block-size=33554432"
    "memorysetup-profiler-bucket-allocator-block-count=8"
    "memorysetup-profiler-allocator-block-size=16777216"
    "memorysetup-profiler-editor-allocator-block-size=1048576"
    "memorysetup-temp-allocator-size-main=16777216"
    "memorysetup-job-temp-allocator-block-size=2097152"
    "memorysetup-job-temp-allocator-block-size-background=1048576"
    "memorysetup-job-temp-allocator-reduction-small-platforms=262144"
    "memorysetup-temp-allocator-size-background-worker=32768"
    "memorysetup-temp-allocator-size-job-worker=262144"
    "memorysetup-temp-allocator-size-preload-manager=33554432"
    "memorysetup-temp-allocator-size-nav-mesh-worker=65536"
    "memorysetup-temp-allocator-size-audio-worker=65536"
    "memorysetup-temp-allocator-size-cloud-worker=32768"
    "memorysetup-temp-allocator-size-gi-baking-worker=262144"
    "memorysetup-temp-allocator-size-gfx=262144"
Refreshing native plugins compatible for Editor in 97.19 ms, found 4 plugins.
Preloading 0 native plugins for Editor in 0.00 ms.
Initialize engine version: 2021.3.2f1 (d6360bedb9a0)
[Subsystems] Discovering subsystems at path C:/Program Files/Unity/2021.3.2f1/Editor/Data/Resources/UnitySubsystems
[Subsystems] Discovering subsystems at path D:/Unity/CopyCat/popeye-NES-main/popeye-NES-main/Assets
GfxDevice: creating device client; threaded=0; jobified=0
Direct3D:
    Version:  Direct3D 11.0 [level 11.1]
    Renderer: AMD Radeon RX 6600 XT (ID=0x73ff)
    Vendor:   ATI
    VRAM:     8147 MB
    Driver:   30.0.15021.11005
Invalid texture used for cursor - check importer settings or texture creation. Texture must be RGBA32, readable, have alphaIsTransparency enabled and have no mip chain.
0x00007ff62982b5cd (Unity) StackWalker::GetCurrentCallstack
0x00007ff629832329 (Unity) StackWalker::ShowCallstack
0x00007ff62a799713 (Unity) GetStacktrace
0x00007ff62ae2314d (Unity) DebugStringToFile
0x00007ff6293a278d (Unity) Cursors::ValidateCursor
0x00007ff62ae47970 (Unity) PlayerSettings::InitDefaultCursors
0x00007ff62ae4816f (Unity) PlayerSettings::PostInitializeClass
0x00007ff6290e9c1b (Unity) TypeManager::CallPostInitializeTypes
0x00007ff62940a063 (Unity) InitializeEngineGraphics
0x00007ff62a34b35f (Unity) Application::InitializeProject
0x00007ff62a7a3e78 (Unity) WinMain
0x00007ff62bac582e (Unity) __scrt_common_main_seh
0x00007fff22447034 (KERNEL32) BaseThreadInitThunk
0x00007fff23dc2651 (ntdll) RtlUserThreadStart

Failed to set the cursor because the specified texture ('1') was not CPU accessible.
0x00007ff62982b5cd (Unity) StackWalker::GetCurrentCallstack
0x00007ff629832329 (Unity) StackWalker::ShowCallstack
0x00007ff62a799713 (Unity) GetStacktrace
0x00007ff62ae2314d (Unity) DebugStringToFile
0x00007ff62981d280 (Unity) Cursors::GenerateCursor
0x00007ff62981df03 (Unity) Cursors::InitializeCursors
0x00007ff62ae479a5 (Unity) PlayerSettings::InitDefaultCursors
0x00007ff62ae4816f (Unity) PlayerSettings::PostInitializeClass
0x00007ff6290e9c1b (Unity) TypeManager::CallPostInitializeTypes
0x00007ff62940a063 (Unity) InitializeEngineGraphics
0x00007ff62a34b35f (Unity) Application::InitializeProject
0x00007ff62a7a3e78 (Unity) WinMain
0x00007ff62bac582e (Unity) __scrt_common_main_seh
0x00007fff22447034 (KERNEL32) BaseThreadInitThunk
0x00007fff23dc2651 (ntdll) RtlUserThreadStart

Initialize mono
Mono path[0] = 'C:/Program Files/Unity/2021.3.2f1/Editor/Data/Managed'
Mono path[1] = 'C:/Program Files/Unity/2021.3.2f1/Editor/Data/MonoBleedingEdge/lib/mono/unityjit-win32'
Mono config path = 'C:/Program Files/Unity/2021.3.2f1/Editor/Data/MonoBleedingEdge/etc'
Using monoOptions --debugger-agent=transport=dt_socket,embedding=1,server=y,suspend=n,address=127.0.0.1:56220
Begin MonoManager ReloadAssembly
Registering precompiled unity dll's ...
Register platform support module: C:/Program Files/Unity/2021.3.2f1/Editor/Data/PlaybackEngines/WebGLSupport/UnityEditor.WebGL.Extensions.dll
Register platform support module: C:/Program Files/Unity/2021.3.2f1/Editor/Data/PlaybackEngines/WindowsStandaloneSupport/UnityEditor.WindowsStandalone.Extensions.dll
Registered in 0.005296 seconds.
Native extension for WindowsStandalone target not found
Native extension for WebGL target not found
Refreshing native plugins compatible for Editor in 99.55 ms, found 4 plugins.
Preloading 0 native plugins for Editor in 0.00 ms.
Mono: successfully reloaded assembly
- Completed reload, in  0.568 seconds
Domain Reload Profiling:
	ReloadAssembly (568ms)
		BeginReloadAssembly (64ms)
			ExecutionOrderSort (0ms)
			DisableScriptedObjects (0ms)
			BackupInstance (0ms)
			ReleaseScriptingObjects (0ms)
			CreateAndSetChildDomain (1ms)
		EndReloadAssembly (406ms)
			LoadAssemblies (62ms)
			RebuildTransferFunctionScriptingTraits (0ms)
			SetupTypeCache (90ms)
			ReleaseScriptCaches (0ms)
			RebuildScriptCaches (23ms)
			SetupLoadedEditorAssemblies (249ms)
				LogAssemblyErrors (0ms)
				InitializePlatformSupportModulesInManaged (9ms)
				SetLoadedEditorAssemblies (0ms)
				RefreshPlugins (100ms)
				BeforeProcessingInitializeOnLoad (1ms)
				ProcessInitializeOnLoadAttributes (102ms)
				ProcessInitializeOnLoadMethodAttributes (37ms)
				AfterProcessingInitializeOnLoad (0ms)
				EditorAssembliesLoaded (0ms)
			ExecutionOrderSort2 (0ms)
			AwakeInstancesAfterBackupRestoration (0ms)
Platform modules already initialized, skipping
Registering precompiled user dll's ...
Registered in 0.003728 seconds.
Begin MonoManager ReloadAssembly
Symbol file LoadedFromMemory doesn't match image D:\Unity\CopyCat\popeye-NES-main\popeye-NES-main\Library\PackageCache\com.unity.visualscripting@1.7.6\Editor\VisualScripting.Core\Dependencies\YamlDotNet\Unity.VisualScripting.YamlDotNet.dll
Symbol file LoadedFromMemory doesn't match image D:\Unity\CopyCat\popeye-NES-main\popeye-NES-main\Library\PackageCache\com.unity.visualscripting@1.7.6\Editor\VisualScripting.Core\Dependencies\DotNetZip\Unity.VisualScripting.IonicZip.dll
Native extension for WindowsStandalone target not found
Native extension for WebGL target not found
Refreshing native plugins compatible for Editor in 98.47 ms, found 4 plugins.
Preloading 0 native plugins for Editor in 0.00 ms.
Mono: successfully reloaded assembly
- Completed reload, in  1.027 seconds
Domain Reload Profiling:
	ReloadAssembly (1027ms)
		BeginReloadAssembly (96ms)
			ExecutionOrderSort (0ms)
			DisableScriptedObjects (5ms)
			BackupInstance (0ms)
			ReleaseScriptingObjects (0ms)
			CreateAndSetChildDomain (19ms)
		EndReloadAssembly (831ms)
			LoadAssemblies (67ms)
			RebuildTransferFunctionScriptingTraits (0ms)
			SetupTypeCache (215ms)
			ReleaseScriptCaches (1ms)
			RebuildScriptCaches (52ms)
			SetupLoadedEditorAssemblies (453ms)
				LogAssemblyErrors (0ms)
				InitializePlatformSupportModulesInManaged (5ms)
				SetLoadedEditorAssemblies (0ms)
				RefreshPlugins (99ms)
				BeforeProcessingInitializeOnLoad (94ms)
				ProcessInitializeOnLoadAttributes (211ms)
				ProcessInitializeOnLoadMethodAttributes (38ms)
				AfterProcessingInitializeOnLoad (7ms)
				EditorAssembliesLoaded (0ms)
			ExecutionOrderSort2 (0ms)
			AwakeInstancesAfterBackupRestoration (5ms)
Platform modules already initialized, skipping
========================================================================
Worker process is ready to serve import requests
Launched and connected shader compiler UnityShaderCompiler.exe after 0.03 seconds
Refreshing native plugins compatible for Editor in 1.30 ms, found 4 plugins.
Preloading 0 native plugins for Editor in 0.00 ms.
Unloading 4208 Unused Serialized files (Serialized files now loaded: 0)
Unloading 49 unused Assets / (1.3 MB). Loaded Objects now: 4655.
Memory consumption went from 165.7 MB to 164.4 MB.
Total: 4.037900 ms (FindLiveObjects: 0.467100 ms CreateObjectMapping: 0.117900 ms MarkObjects: 3.116700 ms  DeleteObjects: 0.335300 ms)

AssetImportParameters requested are different than current active one (requested -> active):
  custom:video-decoder-ogg-theora: a1e56fd34408186e4bbccfd4996cb3dc -> 
  custom:container-muxer-webm: aa71ff27fc2769a1b78a27578f13a17b -> 
  custom:container-demuxer-webm: 4f35f7cbe854078d1ac9338744f61a02 -> 
  custom:video-encoder-webm-vp8: eb34c28f22e8b96e1ab97ce403110664 -> 
  custom:audio-encoder-webm-vorbis: bf7c407c2cedff20999df2af8eb42d56 -> 
  custom:framework-win-MediaFoundation: 216162199b28c13a410421893ffa2e32 -> 
  custom:container-demuxer-ogg: 62fdf1f143b41e24485cea50d1cbac27 -> 
  custom:video-decoder-webm-vp8: 9c59270c3fd7afecdb556c50c9e8de78 -> 
  custom:audio-decoder-ogg-vorbis: bf7c407c2cedff20999df2af8eb42d56 -> 
========================================================================
Received Import Request.
  Time since last request: 604710.054710 seconds.
  path: Assets/Kindergartner/Kindergartner.prefab
  artifactKey: Guid(037845a52a053c14e90209ee8f80e06c) Importer(815301076,1909f56bfc062723c751e8b465ee728b)
Start importing Assets/Kindergartner/Kindergartner.prefab using Guid(037845a52a053c14e90209ee8f80e06c) Importer(815301076,1909f56bfc062723c751e8b465ee728b)  -> (artifact id: 'a651a1ee990632e2181c1b3c937e2bcc') in 0.116486 seconds 
========================================================================
Received Import Request.
  Time since last request: 3.306433 seconds.
  path: Assets/Music/Alarm.mp3
  artifactKey: Guid(3893a8854402aa7449e79c94feb912f9) Importer(815301076,1909f56bfc062723c751e8b465ee728b)
Start importing Assets/Music/Alarm.mp3 using Guid(3893a8854402aa7449e79c94feb912f9) Importer(815301076,1909f56bfc062723c751e8b465ee728b)  -> (artifact id: 'd3305908c72a58f8316da28ceef92ab4') in 0.034017 seconds 
========================================================================
Received Import Request.
  Time since last request: 0.000027 seconds.
  path: Assets/Music/enemy-shot.wav
  artifactKey: Guid(779e45170c0cda742b1b88ce5b396eda) Importer(815301076,1909f56bfc062723c751e8b465ee728b)
Start importing Assets/Music/enemy-shot.wav using Guid(779e45170c0cda742b1b88ce5b396eda) Importer(815301076,1909f56bfc062723c751e8b465ee728b)  -> (artifact id: 'ed0eed54b124aee6073908c516b0f5f2') in 0.012056 seconds 
========================================================================
Received Import Request.
  Time since last request: 0.494624 seconds.
  path: Assets/Physocsmaterial/Pump.physicsMaterial2D
  artifactKey: Guid(24dc872f5e429384dba9ba464db53c4d) Importer(815301076,1909f56bfc062723c751e8b465ee728b)
Start importing Assets/Physocsmaterial/Pump.physicsMaterial2D using Guid(24dc872f5e429384dba9ba464db53c4d) Importer(815301076,1909f56bfc062723c751e8b465ee728b)  -> (artifact id: 'da48124a98302e592e4195774ae6199a') in 0.003173 seconds 
========================================================================
Received Prepare
Refreshing native plugins compatible for Editor in 3.86 ms, found 4 plugins.
Preloading 0 native plugins for Editor in 0.00 ms.
Unloading 36 Unused Serialized files (Serialized files now loaded: 0)
Unloading 37 unused Assets / (1.2 MB). Loaded Objects now: 4663.
Memory consumption went from 83.4 MB to 82.1 MB.
Total: 4.125300 ms (FindLiveObjects: 0.442600 ms CreateObjectMapping: 0.102900 ms MarkObjects: 3.176000 ms  DeleteObjects: 0.403100 ms)

AssetImportParameters requested are different than current active one (requested -> active):
  custom:video-decoder-ogg-theora: a1e56fd34408186e4bbccfd4996cb3dc -> 
  custom:container-muxer-webm: aa71ff27fc2769a1b78a27578f13a17b -> 
  custom:container-demuxer-webm: 4f35f7cbe854078d1ac9338744f61a02 -> 
  custom:video-encoder-webm-vp8: eb34c28f22e8b96e1ab97ce403110664 -> 
  custom:audio-encoder-webm-vorbis: bf7c407c2cedff20999df2af8eb42d56 -> 
  custom:framework-win-MediaFoundation: 216162199b28c13a410421893ffa2e32 -> 
  custom:container-demuxer-ogg: 62fdf1f143b41e24485cea50d1cbac27 -> 
  custom:video-decoder-webm-vp8: 9c59270c3fd7afecdb556c50c9e8de78 -> 
  custom:audio-decoder-ogg-vorbis: bf7c407c2cedff20999df2af8eb42d56 -> 
Editor requested this worker to shutdown with reason: Scaling down because of idle timeout
AssetImportWorker is now disconnected from the server
Process exiting
Exiting without the bug reporter. Application will terminate with return code 0